<?xml version="1.0" encoding="UTF-8"?>
<testsuite xmlns:xsi="http://www.w3.org/2001/XMLSchema-instance" xsi:noNamespaceSchemaLocation="https://maven.apache.org/surefire/maven-surefire-plugin/xsd/surefire-test-report-3.0.xsd" version="3.0" name="com.devtechi.order_service.OrderServiceApplicationTests" time="4.491" tests="1" errors="0" skipped="0" failures="0">
  <properties>
[...]
</properties>
  <testcase name="contextLoads" classname="com.devtechi.order_service.OrderServiceApplicationTests" time="0.443">
    <system-out><![CDATA[01:29:55.694 [main] INFO org.springframework.test.context.support.AnnotationConfigContextLoaderUtils -- Could not detect default configuration classes for test class [com.devtechi.order_service.OrderServiceApplicationTests]: OrderServiceApplicationTests does not declare any static, non-private, non-final, nested classes annotated with @Configuration.
01:29:55.770 [main] INFO org.springframework.boot.test.context.SpringBootTestContextBootstrapper -- Found @SpringBootConfiguration com.devtechi.order_service.OrderServiceApplication for test class com.devtechi.order_service.OrderServiceApplicationTests

  .   ____          _            __ _ _
 /\\ / ___'_ __ _ _(_)_ __  __ _ \ \ \ \
( ( )\___ | '_ | '_| | '_ \/ _` | \ \ \ \
 \\/  ___)| |_)| | | | | || (_| |  ) ) ) )
  '  |____| .__|_| |_|_| |_\__, | / / / /
 =========|_|==============|___/=/_/_/_/

 :: Spring Boot ::                (v3.3.2)

2025-08-16T01:29:56.103+05:30  INFO 29277 --- [order-service] [           main] c.d.o.OrderServiceApplicationTests       : Starting OrderServiceApplicationTests using Java 17.0.12 with PID 29277 (started by raj in /Users/raj/Documents/dev-2025/microservice-ps/order-service)
2025-08-16T01:29:56.105+05:30  INFO 29277 --- [order-service] [           main] c.d.o.OrderServiceApplicationTests       : No active profile set, falling back to 1 default profile: "default"
2025-08-16T01:29:56.716+05:30  INFO 29277 --- [order-service] [           main] .s.d.r.c.RepositoryConfigurationDelegate : Bootstrapping Spring Data JPA repositories in DEFAULT mode.
2025-08-16T01:29:56.823+05:30  INFO 29277 --- [order-service] [           main] .s.d.r.c.RepositoryConfigurationDelegate : Finished Spring Data repository scanning in 100 ms. Found 1 JPA repository interface.
2025-08-16T01:29:57.031+05:30  INFO 29277 --- [order-service] [           main] o.s.cloud.context.scope.GenericScope     : BeanFactory id=e5f72e77-c682-3499-835d-3fdfcd38aab1
2025-08-16T01:29:57.233+05:30  INFO 29277 --- [order-service] [           main] o.hibernate.jpa.internal.util.LogHelper  : HHH000204: Processing PersistenceUnitInfo [name: default]
2025-08-16T01:29:57.267+05:30  INFO 29277 --- [order-service] [           main] org.hibernate.Version                    : HHH000412: Hibernate ORM core version 6.5.2.Final
2025-08-16T01:29:57.293+05:30  INFO 29277 --- [order-service] [           main] o.h.c.internal.RegionFactoryInitiator    : HHH000026: Second-level cache disabled
2025-08-16T01:29:57.529+05:30  INFO 29277 --- [order-service] [           main] o.s.o.j.p.SpringPersistenceUnitInfo      : No LoadTimeWeaver setup: ignoring JPA class transformer
2025-08-16T01:29:57.552+05:30  INFO 29277 --- [order-service] [           main] com.zaxxer.hikari.HikariDataSource       : HikariPool-1 - Starting...
2025-08-16T01:29:57.795+05:30  INFO 29277 --- [order-service] [           main] com.zaxxer.hikari.pool.HikariPool        : HikariPool-1 - Added connection com.mysql.cj.jdbc.ConnectionImpl@29188050
2025-08-16T01:29:57.796+05:30  INFO 29277 --- [order-service] [           main] com.zaxxer.hikari.HikariDataSource       : HikariPool-1 - Start completed.
2025-08-16T01:29:57.824+05:30  WARN 29277 --- [order-service] [           main] org.hibernate.orm.deprecation            : HHH90000025: MySQL8Dialect does not need to be specified explicitly using 'hibernate.dialect' (remove the property setting and it will be selected by default)
2025-08-16T01:29:57.825+05:30  WARN 29277 --- [order-service] [           main] org.hibernate.orm.deprecation            : HHH90000026: MySQL8Dialect has been deprecated; use org.hibernate.dialect.MySQLDialect instead
2025-08-16T01:29:58.434+05:30  INFO 29277 --- [order-service] [           main] o.h.e.t.j.p.i.JtaPlatformInitiator       : HHH000489: No JTA platform available (set 'hibernate.transaction.jta.platform' to enable JTA platform integration)
2025-08-16T01:29:58.533+05:30  INFO 29277 --- [order-service] [           main] j.LocalContainerEntityManagerFactoryBean : Initialized JPA EntityManagerFactory for persistence unit 'default'
2025-08-16T01:29:58.871+05:30  WARN 29277 --- [order-service] [           main] JpaBaseConfiguration$JpaWebConfiguration : spring.jpa.open-in-view is enabled by default. Therefore, database queries may be performed during view rendering. Explicitly configure spring.jpa.open-in-view to disable this warning
2025-08-16T01:29:59.214+05:30  INFO 29277 --- [order-service] [           main] DiscoveryClientOptionalArgsConfiguration : Eureka HTTP Client uses RestTemplate.
2025-08-16T01:29:59.253+05:30  WARN 29277 --- [order-service] [           main] iguration$LoadBalancerCaffeineWarnLogger : Spring Cloud LoadBalancer is currently working with the default cache. While this cache implementation is useful for development and tests, it's recommended to use Caffeine cache in production.You can switch to using Caffeine cache, by adding it and org.springframework.cache.caffeine.CaffeineCacheManager to the classpath.
2025-08-16T01:29:59.300+05:30  INFO 29277 --- [order-service] [           main] o.s.c.n.eureka.InstanceInfoFactory       : Setting initial instance status as: STARTING
2025-08-16T01:29:59.317+05:30  INFO 29277 --- [order-service] [           main] com.netflix.discovery.DiscoveryClient    : Initializing Eureka in region us-east-1
2025-08-16T01:29:59.319+05:30  INFO 29277 --- [order-service] [           main] c.n.d.s.r.aws.ConfigClusterResolver      : Resolving eureka endpoints via configuration
2025-08-16T01:29:59.325+05:30  INFO 29277 --- [order-service] [           main] com.netflix.discovery.DiscoveryClient    : Disable delta property : false
2025-08-16T01:29:59.325+05:30  INFO 29277 --- [order-service] [           main] com.netflix.discovery.DiscoveryClient    : Single vip registry refresh property : null
2025-08-16T01:29:59.325+05:30  INFO 29277 --- [order-service] [           main] com.netflix.discovery.DiscoveryClient    : Force full registry fetch : false
2025-08-16T01:29:59.325+05:30  INFO 29277 --- [order-service] [           main] com.netflix.discovery.DiscoveryClient    : Application is null : false
2025-08-16T01:29:59.326+05:30  INFO 29277 --- [order-service] [           main] com.netflix.discovery.DiscoveryClient    : Registered Applications size is zero : true
2025-08-16T01:29:59.326+05:30  INFO 29277 --- [order-service] [           main] com.netflix.discovery.DiscoveryClient    : Application version is -1: true
2025-08-16T01:29:59.326+05:30  INFO 29277 --- [order-service] [           main] com.netflix.discovery.DiscoveryClient    : Getting all instance registry info from the eureka server
2025-08-16T01:29:59.571+05:30  INFO 29277 --- [order-service] [           main] com.netflix.discovery.DiscoveryClient    : The response status is 200
2025-08-16T01:29:59.572+05:30  INFO 29277 --- [order-service] [           main] com.netflix.discovery.DiscoveryClient    : Starting heartbeat executor: renew interval is: 30
2025-08-16T01:29:59.574+05:30  INFO 29277 --- [order-service] [           main] c.n.discovery.InstanceInfoReplicator     : InstanceInfoReplicator onDemand update allowed rate per min is 4
2025-08-16T01:29:59.575+05:30  INFO 29277 --- [order-service] [           main] com.netflix.discovery.DiscoveryClient    : Discovery Client initialized at timestamp 1755287999574 with initial instances count: 3
2025-08-16T01:29:59.579+05:30  INFO 29277 --- [order-service] [           main] o.s.c.n.e.s.EurekaServiceRegistry        : Registering application ORDER-SERVICE with eureka with status UP
2025-08-16T01:29:59.579+05:30  INFO 29277 --- [order-service] [           main] com.netflix.discovery.DiscoveryClient    : Saw local status change event StatusChangeEvent [timestamp=1755287999579, current=UP, previous=STARTING]
2025-08-16T01:29:59.580+05:30  INFO 29277 --- [order-service] [foReplicator-%d] com.netflix.discovery.DiscoveryClient    : DiscoveryClient_ORDER-SERVICE/macbookpro.lan:order-service:8081: registering service...
2025-08-16T01:29:59.595+05:30  INFO 29277 --- [order-service] [           main] c.d.o.OrderServiceApplicationTests       : Started OrderServiceApplicationTests in 3.73 seconds (process running for 4.416)
2025-08-16T01:29:59.610+05:30  INFO 29277 --- [order-service] [foReplicator-%d] com.netflix.discovery.DiscoveryClient    : DiscoveryClient_ORDER-SERVICE/macbookpro.lan:order-service:8081 - registration status: 204
]]></system-out>
  </testcase>
</testsuite>