<?xml version="1.0" encoding="UTF-8"?>
<testsuite xmlns:xsi="http://www.w3.org/2001/XMLSchema-instance" xsi:noNamespaceSchemaLocation="https://maven.apache.org/surefire/maven-surefire-plugin/xsd/surefire-test-report.xsd" version="3.0.2" name="com.devtechi.product_service.ProductServiceApplicationTests" time="10.012" tests="2" errors="0" skipped="0" failures="0">
  <properties>
[...]
</properties>
  <testcase name="createProduct" classname="com.devtechi.product_service.ProductServiceApplicationTests" time="0.903">
    <system-out><![CDATA[22:36:13.250 [main] INFO org.springframework.test.context.support.AnnotationConfigContextLoaderUtils -- Could not detect default configuration classes for test class [com.devtechi.product_service.ProductServiceApplicationTests]: ProductServiceApplicationTests does not declare any static, non-private, non-final, nested classes annotated with @Configuration.
22:36:13.362 [main] INFO org.springframework.boot.test.context.SpringBootTestContextBootstrapper -- Found @SpringBootConfiguration com.devtechi.product_service.ProductServiceApplication for test class com.devtechi.product_service.ProductServiceApplicationTests
22:36:13.505 [main] INFO org.testcontainers.images.PullPolicy -- Image pull policy will be performed by: DefaultPullPolicy()
22:36:13.508 [main] INFO org.testcontainers.utility.ImageNameSubstitutor -- Image name substitution will be performed by: DefaultImageNameSubstitutor (composite of 'ConfigurationFileImageNameSubstitutor' and 'PrefixingImageNameSubstitutor')
22:36:13.529 [main] INFO org.testcontainers.DockerClientFactory -- Testcontainers version: 1.21.3
22:36:13.701 [main] INFO org.testcontainers.dockerclient.DockerClientProviderStrategy -- Loaded org.testcontainers.dockerclient.UnixSocketClientProviderStrategy from ~/.testcontainers.properties, will try it first
22:36:14.129 [main] INFO org.testcontainers.dockerclient.DockerClientProviderStrategy -- Found Docker environment with local Unix socket (unix:///var/run/docker.sock)
22:36:14.130 [main] INFO org.testcontainers.DockerClientFactory -- Docker host IP address is localhost
22:36:14.169 [main] INFO org.testcontainers.DockerClientFactory -- Connected to docker: 
  Server Version: 20.10.10
  API Version: 1.41
  Operating System: Docker Desktop
  Total Memory: 3933 MB
22:36:14.223 [main] INFO tc.testcontainers/ryuk:0.12.0 -- Creating container for image: testcontainers/ryuk:0.12.0
22:36:14.825 [main] INFO org.testcontainers.utility.RegistryAuthLocator -- Credential helper/store (docker-credential-desktop) does not have credentials for https://index.docker.io/v1/
22:36:15.310 [main] INFO tc.testcontainers/ryuk:0.12.0 -- Container testcontainers/ryuk:0.12.0 is starting: 893a0f7614743dea5d4f72815600ff1512ee76c3eeb183083be222aa817d01b1
22:36:17.381 [main] INFO tc.testcontainers/ryuk:0.12.0 -- Container testcontainers/ryuk:0.12.0 started in PT3.158451S
22:36:17.422 [main] INFO org.testcontainers.utility.RyukResourceReaper -- Ryuk started - will monitor and terminate Testcontainers containers on JVM exit
22:36:17.422 [main] INFO org.testcontainers.DockerClientFactory -- Checking the system...
22:36:17.423 [main] INFO org.testcontainers.DockerClientFactory -- ✔︎ Docker server version should be at least 1.6.0
22:36:17.423 [main] INFO tc.mongo:4.4.2 -- Creating container for image: mongo:4.4.2
22:36:17.519 [main] INFO tc.mongo:4.4.2 -- Container mongo:4.4.2 is starting: 85564f4256b2084f31cbb45c3d390c3ca39a90d72b7e20ae87e7ced3d93e25ee
22:36:19.086 [main] INFO tc.mongo:4.4.2 -- Container mongo:4.4.2 started in PT1.662529S

  .   ____          _            __ _ _
 /\\ / ___'_ __ _ _(_)_ __  __ _ \ \ \ \
( ( )\___ | '_ | '_| | '_ \/ _` | \ \ \ \
 \\/  ___)| |_)| | | | | || (_| |  ) ) ) )
  '  |____| .__|_| |_|_| |_\__, | / / / /
 =========|_|==============|___/=/_/_/_/

 :: Spring Boot ::                (v3.5.4)

2025-08-15T22:36:20.388+05:30  INFO 44357 --- [product-service] [           main] c.d.p.ProductServiceApplicationTests     : Starting ProductServiceApplicationTests using Java 17.0.12 with PID 44357 (started by raj in /Users/raj/Documents/dev-2025/microservice-ps/product-service)
2025-08-15T22:36:20.390+05:30  INFO 44357 --- [product-service] [           main] c.d.p.ProductServiceApplicationTests     : No active profile set, falling back to 1 default profile: "default"
2025-08-15T22:36:21.022+05:30  INFO 44357 --- [product-service] [           main] .s.d.r.c.RepositoryConfigurationDelegate : Bootstrapping Spring Data MongoDB repositories in DEFAULT mode.
2025-08-15T22:36:21.073+05:30  INFO 44357 --- [product-service] [           main] .s.d.r.c.RepositoryConfigurationDelegate : Finished Spring Data repository scanning in 41 ms. Found 1 MongoDB repository interface.
2025-08-15T22:36:21.400+05:30  INFO 44357 --- [product-service] [           main] org.mongodb.driver.client                : MongoClient with metadata {"driver": {"name": "mongo-java-driver|sync|spring-boot", "version": "5.5.1"}, "os": {"type": "Darwin", "name": "Mac OS X", "architecture": "x86_64", "version": "15.5"}, "platform": "Java/Amazon.com Inc./17.0.12+7-LTS"} created with settings MongoClientSettings{readPreference=primary, writeConcern=WriteConcern{w=null, wTimeout=null ms, journal=null}, retryWrites=true, retryReads=true, readConcern=ReadConcern{level=null}, credential=null, transportSettings=null, commandListeners=[], codecRegistry=ProvidersCodecRegistry{codecProviders=[ValueCodecProvider{}, BsonValueCodecProvider{}, DBRefCodecProvider{}, DBObjectCodecProvider{}, DocumentCodecProvider{}, CollectionCodecProvider{}, IterableCodecProvider{}, MapCodecProvider{}, GeoJsonCodecProvider{}, GridFSFileCodecProvider{}, Jsr310CodecProvider{}, JsonObjectCodecProvider{}, BsonCodecProvider{}, EnumCodecProvider{}, com.mongodb.client.model.mql.ExpressionCodecProvider@69eb544f, com.mongodb.Jep395RecordCodecProvider@7cb29ea8, com.mongodb.KotlinCodecProvider@b5c902]}, loggerSettings=LoggerSettings{maxDocumentLength=1000}, clusterSettings={hosts=[localhost:63628], srvServiceName=mongodb, mode=SINGLE, requiredClusterType=UNKNOWN, requiredReplicaSetName='null', serverSelector='null', clusterListeners='[]', serverSelectionTimeout='30000 ms', localThreshold='15 ms'}, socketSettings=SocketSettings{connectTimeoutMS=10000, readTimeoutMS=0, receiveBufferSize=0, proxySettings=ProxySettings{host=null, port=null, username=null, password=null}}, heartbeatSocketSettings=SocketSettings{connectTimeoutMS=10000, readTimeoutMS=10000, receiveBufferSize=0, proxySettings=ProxySettings{host=null, port=null, username=null, password=null}}, connectionPoolSettings=ConnectionPoolSettings{maxSize=100, minSize=0, maxWaitTimeMS=120000, maxConnectionLifeTimeMS=0, maxConnectionIdleTimeMS=0, maintenanceInitialDelayMS=0, maintenanceFrequencyMS=60000, connectionPoolListeners=[], maxConnecting=2}, serverSettings=ServerSettings{heartbeatFrequencyMS=10000, minHeartbeatFrequencyMS=500, serverMonitoringMode=AUTO, serverListeners='[]', serverMonitorListeners='[]'}, sslSettings=SslSettings{enabled=false, invalidHostNameAllowed=false, context=null}, applicationName='null', compressorList=[], uuidRepresentation=JAVA_LEGACY, serverApi=null, autoEncryptionSettings=null, dnsClient=null, inetAddressResolver=null, contextProvider=null, timeoutMS=null}
2025-08-15T22:36:21.412+05:30  INFO 44357 --- [product-service] [localhost:63628] org.mongodb.driver.cluster               : Monitor thread successfully connected to server with description ServerDescription{address=localhost:63628, type=REPLICA_SET_PRIMARY, cryptd=false, state=CONNECTED, ok=true, minWireVersion=0, maxWireVersion=9, maxDocumentSize=16777216, logicalSessionTimeoutMinutes=30, roundTripTimeNanos=17776420, minRoundTripTimeNanos=0, setName='docker-rs', canonicalAddress=85564f4256b2:27017, hosts=[85564f4256b2:27017], passives=[], arbiters=[], primary='85564f4256b2:27017', tagSet=TagSet{[]}, electionId=7fffffff0000000000000001, setVersion=1, topologyVersion=TopologyVersion{processId=689f690aad670fcc8f05cde4, counter=6}, lastWriteDate=Fri Aug 15 22:36:19 IST 2025, lastUpdateTimeNanos=792590193517580}
2025-08-15T22:36:21.948+05:30  INFO 44357 --- [product-service] [           main] o.s.b.t.m.w.SpringBootMockServletContext : Initializing Spring TestDispatcherServlet ''
2025-08-15T22:36:21.949+05:30  INFO 44357 --- [product-service] [           main] o.s.t.web.servlet.TestDispatcherServlet  : Initializing Servlet ''
2025-08-15T22:36:21.950+05:30  INFO 44357 --- [product-service] [           main] o.s.t.web.servlet.TestDispatcherServlet  : Completed initialization in 0 ms
2025-08-15T22:36:21.974+05:30  INFO 44357 --- [product-service] [           main] c.d.p.ProductServiceApplicationTests     : Started ProductServiceApplicationTests in 1.873 seconds (process running for 9.324)
2025-08-15T22:36:22.839+05:30  INFO 44357 --- [product-service] [           main] c.d.p.service.ProductService             : Product689f690e1bfa19bb917c7a04 is saved
]]></system-out>
  </testcase>
  <testcase name="findALLProduct" classname="com.devtechi.product_service.ProductServiceApplicationTests" time="0.008"/>
</testsuite>