<?xml version="1.0" encoding="UTF-8"?>
<testsuite xmlns:xsi="http://www.w3.org/2001/XMLSchema-instance" xsi:noNamespaceSchemaLocation="https://maven.apache.org/surefire/maven-surefire-plugin/xsd/surefire-test-report-3.0.xsd" version="3.0" name="com.devtechi.product_service.ProductServiceApplicationTests" time="8.935" tests="2" errors="0" skipped="0" failures="0">
  <properties>
[...]
</properties>
  <testcase name="createProduct" classname="com.devtechi.product_service.ProductServiceApplicationTests" time="0.807">
    <system-out><![CDATA[18:50:43.238 [main] INFO org.springframework.test.context.support.AnnotationConfigContextLoaderUtils -- Could not detect default configuration classes for test class [com.devtechi.product_service.ProductServiceApplicationTests]: ProductServiceApplicationTests does not declare any static, non-private, non-final, nested classes annotated with @Configuration.
18:50:43.333 [main] INFO org.springframework.boot.test.context.SpringBootTestContextBootstrapper -- Found @SpringBootConfiguration com.devtechi.product_service.ProductServiceApplication for test class com.devtechi.product_service.ProductServiceApplicationTests
18:50:43.455 [main] INFO org.testcontainers.images.PullPolicy -- Image pull policy will be performed by: DefaultPullPolicy()
18:50:43.458 [main] INFO org.testcontainers.utility.ImageNameSubstitutor -- Image name substitution will be performed by: DefaultImageNameSubstitutor (composite of 'ConfigurationFileImageNameSubstitutor' and 'PrefixingImageNameSubstitutor')
18:50:43.480 [main] INFO org.testcontainers.DockerClientFactory -- Testcontainers version: 1.21.3
18:50:43.669 [main] INFO org.testcontainers.dockerclient.DockerClientProviderStrategy -- Loaded org.testcontainers.dockerclient.UnixSocketClientProviderStrategy from ~/.testcontainers.properties, will try it first
18:50:43.923 [main] INFO org.testcontainers.dockerclient.DockerClientProviderStrategy -- Found Docker environment with local Unix socket (unix:///var/run/docker.sock)
18:50:43.924 [main] INFO org.testcontainers.DockerClientFactory -- Docker host IP address is localhost
18:50:43.951 [main] INFO org.testcontainers.DockerClientFactory -- Connected to docker: 
  Server Version: 20.10.10
  API Version: 1.41
  Operating System: Docker Desktop
  Total Memory: 3933 MB
18:50:43.993 [main] INFO tc.testcontainers/ryuk:0.12.0 -- Creating container for image: testcontainers/ryuk:0.12.0
18:50:44.292 [main] INFO org.testcontainers.utility.RegistryAuthLocator -- Credential helper/store (docker-credential-desktop) does not have credentials for https://index.docker.io/v1/
18:50:44.595 [main] INFO tc.testcontainers/ryuk:0.12.0 -- Container testcontainers/ryuk:0.12.0 is starting: 470f63791d977db8d53b7789e66540d958c00f7d5afefd3db97512d322cc787a
18:50:45.394 [main] INFO tc.testcontainers/ryuk:0.12.0 -- Container testcontainers/ryuk:0.12.0 started in PT1.401263S
18:50:45.411 [main] INFO org.testcontainers.utility.RyukResourceReaper -- Ryuk started - will monitor and terminate Testcontainers containers on JVM exit
18:50:45.411 [main] INFO org.testcontainers.DockerClientFactory -- Checking the system...
18:50:45.412 [main] INFO org.testcontainers.DockerClientFactory -- ✔︎ Docker server version should be at least 1.6.0
18:50:45.412 [main] INFO tc.mongo:4.4.2 -- Creating container for image: mongo:4.4.2
18:50:45.534 [main] INFO tc.mongo:4.4.2 -- Container mongo:4.4.2 is starting: c6e3684a2af800f0a2a418998d558d056c179929ecdda66b622203ff653de298
18:50:47.495 [main] INFO tc.mongo:4.4.2 -- Container mongo:4.4.2 started in PT2.083238S

  .   ____          _            __ _ _
 /\\ / ___'_ __ _ _(_)_ __  __ _ \ \ \ \
( ( )\___ | '_ | '_| | '_ \/ _` | \ \ \ \
 \\/  ___)| |_)| | | | | || (_| |  ) ) ) )
  '  |____| .__|_| |_|_| |_\__, | / / / /
 =========|_|==============|___/=/_/_/_/

 :: Spring Boot ::                (v3.3.2)

2025-08-17T18:50:48.948+05:30  INFO 1685 --- [product-service] [           main] c.d.p.ProductServiceApplicationTests     : Starting ProductServiceApplicationTests using Java 17.0.12 with PID 1685 (started by raj in /Users/raj/Documents/dev-2025/microservice-ps/product-service)
2025-08-17T18:50:48.950+05:30  INFO 1685 --- [product-service] [           main] c.d.p.ProductServiceApplicationTests     : No active profile set, falling back to 1 default profile: "default"
2025-08-17T18:50:49.376+05:30  INFO 1685 --- [product-service] [           main] .s.d.r.c.RepositoryConfigurationDelegate : Bootstrapping Spring Data MongoDB repositories in DEFAULT mode.
2025-08-17T18:50:49.488+05:30  INFO 1685 --- [product-service] [           main] .s.d.r.c.RepositoryConfigurationDelegate : Finished Spring Data repository scanning in 109 ms. Found 1 MongoDB repository interface.
2025-08-17T18:50:49.655+05:30  INFO 1685 --- [product-service] [           main] o.s.cloud.context.scope.GenericScope     : BeanFactory id=6df70399-20b6-3a76-a6b0-a4cc936982af
2025-08-17T18:50:49.721+05:30  WARN 1685 --- [product-service] [           main] trationDelegate$BeanPostProcessorChecker : Bean 'org.springframework.cloud.client.loadbalancer.LoadBalancerAutoConfiguration$DeferringLoadBalancerInterceptorConfig' of type [org.springframework.cloud.client.loadbalancer.LoadBalancerAutoConfiguration$DeferringLoadBalancerInterceptorConfig] is not eligible for getting processed by all BeanPostProcessors (for example: not eligible for auto-proxying). The currently created BeanPostProcessor [lbRestClientPostProcessor] is declared through a non-static factory method on that class; consider declaring it as static instead.
2025-08-17T18:50:49.723+05:30  WARN 1685 --- [product-service] [           main] trationDelegate$BeanPostProcessorChecker : Bean 'deferringLoadBalancerInterceptor' of type [org.springframework.cloud.client.loadbalancer.DeferringLoadBalancerInterceptor] is not eligible for getting processed by all BeanPostProcessors (for example: not eligible for auto-proxying). Is this bean getting eagerly injected into a currently created BeanPostProcessor [lbRestClientPostProcessor]? Check the corresponding BeanPostProcessor declaration and its dependencies.
2025-08-17T18:50:49.890+05:30  INFO 1685 --- [product-service] [           main] org.mongodb.driver.client                : MongoClient with metadata {"driver": {"name": "mongo-java-driver|sync|spring-boot", "version": "5.0.1"}, "os": {"type": "Darwin", "name": "Mac OS X", "architecture": "x86_64", "version": "15.5"}, "platform": "Java/Amazon.com Inc./17.0.12+7-LTS"} created with settings MongoClientSettings{readPreference=primary, writeConcern=WriteConcern{w=null, wTimeout=null ms, journal=null}, retryWrites=true, retryReads=true, readConcern=ReadConcern{level=null}, credential=null, transportSettings=null, commandListeners=[], codecRegistry=ProvidersCodecRegistry{codecProviders=[ValueCodecProvider{}, BsonValueCodecProvider{}, DBRefCodecProvider{}, DBObjectCodecProvider{}, DocumentCodecProvider{}, CollectionCodecProvider{}, IterableCodecProvider{}, MapCodecProvider{}, GeoJsonCodecProvider{}, GridFSFileCodecProvider{}, Jsr310CodecProvider{}, JsonObjectCodecProvider{}, BsonCodecProvider{}, EnumCodecProvider{}, com.mongodb.client.model.mql.ExpressionCodecProvider@338d47b, com.mongodb.Jep395RecordCodecProvider@7a3643e3, com.mongodb.KotlinCodecProvider@2729bb71]}, loggerSettings=LoggerSettings{maxDocumentLength=1000}, clusterSettings={hosts=[localhost:56881], srvServiceName=mongodb, mode=SINGLE, requiredClusterType=UNKNOWN, requiredReplicaSetName='null', serverSelector='null', clusterListeners='[]', serverSelectionTimeout='30000 ms', localThreshold='15 ms'}, socketSettings=SocketSettings{connectTimeoutMS=10000, readTimeoutMS=0, receiveBufferSize=0, proxySettings=ProxySettings{host=null, port=null, username=null, password=null}}, heartbeatSocketSettings=SocketSettings{connectTimeoutMS=10000, readTimeoutMS=10000, receiveBufferSize=0, proxySettings=ProxySettings{host=null, port=null, username=null, password=null}}, connectionPoolSettings=ConnectionPoolSettings{maxSize=100, minSize=0, maxWaitTimeMS=120000, maxConnectionLifeTimeMS=0, maxConnectionIdleTimeMS=0, maintenanceInitialDelayMS=0, maintenanceFrequencyMS=60000, connectionPoolListeners=[], maxConnecting=2}, serverSettings=ServerSettings{heartbeatFrequencyMS=10000, minHeartbeatFrequencyMS=500, serverListeners='[]', serverMonitorListeners='[]'}, sslSettings=SslSettings{enabled=false, invalidHostNameAllowed=false, context=null}, applicationName='null', compressorList=[], uuidRepresentation=JAVA_LEGACY, serverApi=null, autoEncryptionSettings=null, dnsClient=null, inetAddressResolver=null, contextProvider=null}
2025-08-17T18:50:49.902+05:30  INFO 1685 --- [product-service] [localhost:56881] org.mongodb.driver.cluster               : Monitor thread successfully connected to server with description ServerDescription{address=localhost:56881, type=REPLICA_SET_PRIMARY, state=CONNECTED, ok=true, minWireVersion=0, maxWireVersion=9, maxDocumentSize=16777216, logicalSessionTimeoutMinutes=30, roundTripTimeNanos=25156429, setName='docker-rs', canonicalAddress=c6e3684a2af8:27017, hosts=[c6e3684a2af8:27017], passives=[], arbiters=[], primary='c6e3684a2af8:27017', tagSet=TagSet{[]}, electionId=7fffffff0000000000000001, setVersion=1, topologyVersion=TopologyVersion{processId=68a1d72e3c18a5cd23b4457f, counter=6}, lastWriteDate=Sun Aug 17 18:50:48 IST 2025, lastUpdateTimeNanos=922886787754033}
2025-08-17T18:50:50.527+05:30  INFO 1685 --- [product-service] [           main] o.s.b.t.m.w.SpringBootMockServletContext : Initializing Spring TestDispatcherServlet ''
2025-08-17T18:50:50.527+05:30  INFO 1685 --- [product-service] [           main] o.s.t.web.servlet.TestDispatcherServlet  : Initializing Servlet ''
2025-08-17T18:50:50.530+05:30  INFO 1685 --- [product-service] [           main] o.s.t.web.servlet.TestDispatcherServlet  : Completed initialization in 1 ms
2025-08-17T18:50:50.561+05:30  INFO 1685 --- [product-service] [           main] DiscoveryClientOptionalArgsConfiguration : Eureka HTTP Client uses RestTemplate.
2025-08-17T18:50:50.591+05:30  WARN 1685 --- [product-service] [           main] iguration$LoadBalancerCaffeineWarnLogger : Spring Cloud LoadBalancer is currently working with the default cache. While this cache implementation is useful for development and tests, it's recommended to use Caffeine cache in production.You can switch to using Caffeine cache, by adding it and org.springframework.cache.caffeine.CaffeineCacheManager to the classpath.
2025-08-17T18:50:50.611+05:30  INFO 1685 --- [product-service] [           main] o.s.c.n.eureka.InstanceInfoFactory       : Setting initial instance status as: STARTING
2025-08-17T18:50:50.628+05:30  INFO 1685 --- [product-service] [           main] com.netflix.discovery.DiscoveryClient    : Initializing Eureka in region us-east-1
2025-08-17T18:50:50.631+05:30  INFO 1685 --- [product-service] [           main] c.n.d.s.r.aws.ConfigClusterResolver      : Resolving eureka endpoints via configuration
2025-08-17T18:50:50.637+05:30  INFO 1685 --- [product-service] [           main] com.netflix.discovery.DiscoveryClient    : Disable delta property : false
2025-08-17T18:50:50.637+05:30  INFO 1685 --- [product-service] [           main] com.netflix.discovery.DiscoveryClient    : Single vip registry refresh property : null
2025-08-17T18:50:50.637+05:30  INFO 1685 --- [product-service] [           main] com.netflix.discovery.DiscoveryClient    : Force full registry fetch : false
2025-08-17T18:50:50.637+05:30  INFO 1685 --- [product-service] [           main] com.netflix.discovery.DiscoveryClient    : Application is null : false
2025-08-17T18:50:50.637+05:30  INFO 1685 --- [product-service] [           main] com.netflix.discovery.DiscoveryClient    : Registered Applications size is zero : true
2025-08-17T18:50:50.637+05:30  INFO 1685 --- [product-service] [           main] com.netflix.discovery.DiscoveryClient    : Application version is -1: true
2025-08-17T18:50:50.637+05:30  INFO 1685 --- [product-service] [           main] com.netflix.discovery.DiscoveryClient    : Getting all instance registry info from the eureka server
2025-08-17T18:50:50.938+05:30  INFO 1685 --- [product-service] [           main] com.netflix.discovery.DiscoveryClient    : The response status is 200
2025-08-17T18:50:50.940+05:30  INFO 1685 --- [product-service] [           main] com.netflix.discovery.DiscoveryClient    : Starting heartbeat executor: renew interval is: 30
2025-08-17T18:50:50.941+05:30  INFO 1685 --- [product-service] [           main] c.n.discovery.InstanceInfoReplicator     : InstanceInfoReplicator onDemand update allowed rate per min is 4
2025-08-17T18:50:50.942+05:30  INFO 1685 --- [product-service] [           main] com.netflix.discovery.DiscoveryClient    : Discovery Client initialized at timestamp 1755436850942 with initial instances count: 3
2025-08-17T18:50:50.945+05:30  INFO 1685 --- [product-service] [           main] o.s.c.n.e.s.EurekaServiceRegistry        : Registering application PRODUCT-SERVICE with eureka with status UP
2025-08-17T18:50:50.945+05:30  INFO 1685 --- [product-service] [           main] com.netflix.discovery.DiscoveryClient    : Saw local status change event StatusChangeEvent [timestamp=1755436850945, current=UP, previous=STARTING]
2025-08-17T18:50:50.946+05:30  INFO 1685 --- [product-service] [foReplicator-%d] com.netflix.discovery.DiscoveryClient    : DiscoveryClient_PRODUCT-SERVICE/macbookpro.lan:product-service:8083: registering service...
2025-08-17T18:50:50.955+05:30  INFO 1685 --- [product-service] [           main] c.d.p.ProductServiceApplicationTests     : Started ProductServiceApplicationTests in 2.238 seconds (process running for 8.266)
2025-08-17T18:50:50.986+05:30  INFO 1685 --- [product-service] [foReplicator-%d] com.netflix.discovery.DiscoveryClient    : DiscoveryClient_PRODUCT-SERVICE/macbookpro.lan:product-service:8083 - registration status: 204
2025-08-17T18:50:51.733+05:30  INFO 1685 --- [product-service] [           main] c.d.p.service.ProductService             : Product68a1d733b7b14c3bdc23dfa0 is saved
]]></system-out>
  </testcase>
  <testcase name="findALLProduct" classname="com.devtechi.product_service.ProductServiceApplicationTests" time="0.006"/>
</testsuite>